d:\floowdream\assets\scripts\bxrenderpipeline\xengine\xengine\x64\debug\vc142.pdb
d:\floowdream\assets\scripts\bxrenderpipeline\xengine\xengine\x64\debug\vc142.idb
d:\floowdream\assets\scripts\bxrenderpipeline\xengine\xengine\x64\debug\highresolutionclock.obj
d:\floowdream\assets\scripts\bxrenderpipeline\xengine\xengine\x64\debug\commandqueue.obj
d:\floowdream\assets\scripts\bxrenderpipeline\xengine\xengine\x64\debug\window.obj
d:\floowdream\assets\scripts\bxrenderpipeline\xengine\xengine\x64\debug\engine.obj
d:\floowdream\assets\scripts\bxrenderpipeline\xengine\xengine\x64\debug\samplescene.obj
d:\floowdream\assets\scripts\bxrenderpipeline\xengine\xengine\x64\debug\application.obj
d:\floowdream\assets\scripts\bxrenderpipeline\xengine\x64\debug\vertexshader.cso
d:\floowdream\assets\scripts\bxrenderpipeline\xengine\x64\debug\xengine.lib
d:\floowdream\assets\scripts\bxrenderpipeline\xengine\x64\debug\xengine.exp
d:\floowdream\assets\scripts\bxrenderpipeline\xengine\xengine\x64\debug\engine.obj.meta
d:\floowdream\assets\scripts\bxrenderpipeline\xengine\xengine\x64\debug\vc142.idb.meta
d:\floowdream\assets\scripts\bxrenderpipeline\xengine\xengine\x64\debug\vc142.pdb.meta
d:\floowdream\assets\scripts\bxrenderpipeline\xengine\xengine\x64\debug\xengine.build.cppclean.log.meta
d:\floowdream\assets\scripts\bxrenderpipeline\xengine\xengine\x64\debug\xengine.dll.recipe.meta
d:\floowdream\assets\scripts\bxrenderpipeline\xengine\xengine\x64\debug\xengine.exe.recipe.meta
d:\floowdream\assets\scripts\bxrenderpipeline\xengine\xengine\x64\debug\xengine.ilk.meta
d:\floowdream\assets\scripts\bxrenderpipeline\xengine\xengine\x64\debug\xengine.log.meta
d:\floowdream\assets\scripts\bxrenderpipeline\xengine\xengine\x64\debug\xengine.tlog.meta
d:\floowdream\assets\scripts\bxrenderpipeline\xengine\xengine\x64\debug\xengine.vcxproj.filelistabsolute.txt.meta
d:\floowdream\assets\scripts\bxrenderpipeline\xengine\x64\debug\xengine.pdb
d:\floowdream\assets\scripts\bxrenderpipeline\xengine\xengine\x64\debug\xengine.tlog\cl.command.1.tlog.meta
d:\floowdream\assets\scripts\bxrenderpipeline\xengine\xengine\x64\debug\xengine.tlog\cl.read.1.tlog.meta
d:\floowdream\assets\scripts\bxrenderpipeline\xengine\xengine\x64\debug\xengine.tlog\cl.write.1.tlog.meta
d:\floowdream\assets\scripts\bxrenderpipeline\xengine\xengine\x64\debug\xengine.tlog\link.command.1.tlog.meta
d:\floowdream\assets\scripts\bxrenderpipeline\xengine\xengine\x64\debug\xengine.tlog\link.read.1.tlog.meta
d:\floowdream\assets\scripts\bxrenderpipeline\xengine\xengine\x64\debug\xengine.tlog\link.write.1.tlog.meta
d:\floowdream\assets\scripts\bxrenderpipeline\xengine\xengine\x64\debug\xengine.tlog\xengine.lastbuildstate.meta
d:\floowdream\assets\scripts\bxrenderpipeline\xengine\xengine\x64\debug\xengine.tlog\xengine.write.1u.tlog.meta
d:\floowdream\assets\scripts\bxrenderpipeline\xengine\xengine\x64\debug\xengine.tlog\cl.command.1.tlog
d:\floowdream\assets\scripts\bxrenderpipeline\xengine\xengine\x64\debug\xengine.tlog\cl.read.1.tlog
d:\floowdream\assets\scripts\bxrenderpipeline\xengine\xengine\x64\debug\xengine.tlog\cl.write.1.tlog
d:\floowdream\assets\scripts\bxrenderpipeline\xengine\xengine\x64\debug\xengine.tlog\fxc.command.1.tlog
d:\floowdream\assets\scripts\bxrenderpipeline\xengine\xengine\x64\debug\xengine.tlog\fxc.read.1.tlog
d:\floowdream\assets\scripts\bxrenderpipeline\xengine\xengine\x64\debug\xengine.tlog\fxc.write.1.tlog
d:\floowdream\assets\scripts\bxrenderpipeline\xengine\xengine\x64\debug\xengine.tlog\link-cvtres.read.1.tlog
d:\floowdream\assets\scripts\bxrenderpipeline\xengine\xengine\x64\debug\xengine.tlog\link-cvtres.write.1.tlog
d:\floowdream\assets\scripts\bxrenderpipeline\xengine\xengine\x64\debug\xengine.tlog\link-rc.read.1.tlog
d:\floowdream\assets\scripts\bxrenderpipeline\xengine\xengine\x64\debug\xengine.tlog\link-rc.write.1.tlog
d:\floowdream\assets\scripts\bxrenderpipeline\xengine\xengine\x64\debug\xengine.tlog\link.command.1.tlog
d:\floowdream\assets\scripts\bxrenderpipeline\xengine\xengine\x64\debug\xengine.tlog\link.read.1.tlog
d:\floowdream\assets\scripts\bxrenderpipeline\xengine\xengine\x64\debug\xengine.tlog\link.write.1.tlog
d:\floowdream\assets\scripts\bxrenderpipeline\xengine\xengine\x64\debug\xengine.tlog\xengine.write.1u.tlog
